ERROR 24-03-21 13:35:21[main] [SpringApplication:851] - Application run failed
org.apache.kafka.common.KafkaException: Failed to construct kafka consumer
	at org.apache.kafka.clients.consumer.KafkaConsumer.<init>(KafkaConsumer.java:781)
	at org.apache.kafka.clients.consumer.KafkaConsumer.<init>(KafkaConsumer.java:671)
	at org.apache.kafka.clients.consumer.KafkaConsumer.<init>(KafkaConsumer.java:652)
	at org.apache.kafka.clients.consumer.KafkaConsumer.<init>(KafkaConsumer.java:632)
	at consumer.KafkaConsumerApp.startConsuming(KafkaConsumerApp.java:46)
	at consumer.AppStartupRunner.run(AppStartupRunner.java:19)
	at org.springframework.boot.SpringApplication.lambda$callRunner$4(SpringApplication.java:786)
	at org.springframework.util.function.ThrowingConsumer$1.acceptWithException(ThrowingConsumer.java:83)
	at org.springframework.util.function.ThrowingConsumer.accept(ThrowingConsumer.java:60)
	at org.springframework.util.function.ThrowingConsumer$1.accept(ThrowingConsumer.java:88)
	at org.springframework.boot.SpringApplication.callRunner(SpringApplication.java:798)
	at org.springframework.boot.SpringApplication.callRunner(SpringApplication.java:786)
	at org.springframework.boot.SpringApplication.lambda$callRunners$3(SpringApplication.java:774)
	at java.base/java.util.stream.ForEachOps$ForEachOp$OfRef.accept(ForEachOps.java:184)
	at java.base/java.util.stream.SortedOps$SizedRefSortingSink.end(SortedOps.java:357)
	at java.base/java.util.stream.AbstractPipeline.copyInto(AbstractPipeline.java:510)
	at java.base/java.util.stream.AbstractPipeline.wrapAndCopyInto(AbstractPipeline.java:499)
	at java.base/java.util.stream.ForEachOps$ForEachOp.evaluateSequential(ForEachOps.java:151)
	at java.base/java.util.stream.ForEachOps$ForEachOp$OfRef.evaluateSequential(ForEachOps.java:174)
	at java.base/java.util.stream.AbstractPipeline.evaluate(AbstractPipeline.java:234)
	at java.base/java.util.stream.ReferencePipeline.forEach(ReferencePipeline.java:596)
	at org.springframework.boot.SpringApplication.callRunners(SpringApplication.java:774)
	at org.springframework.boot.SpringApplication.run(SpringApplication.java:341)
	at org.springframework.boot.SpringApplication.run(SpringApplication.java:1354)
	at org.springframework.boot.SpringApplication.run(SpringApplication.java:1343)
	at consumer.KafkaMainApplication.main(KafkaMainApplication.java:12)
Caused by: org.apache.kafka.common.KafkaException: Failed to create new NetworkClient
	at org.apache.kafka.clients.ClientUtils.createNetworkClient(ClientUtils.java:245)
	at org.apache.kafka.clients.ClientUtils.createNetworkClient(ClientUtils.java:159)
	at org.apache.kafka.clients.consumer.internals.ConsumerUtils.createConsumerNetworkClient(ConsumerUtils.java:66)
	at org.apache.kafka.clients.consumer.KafkaConsumer.<init>(KafkaConsumer.java:714)
	... 25 common frames omitted
Caused by: java.lang.IllegalArgumentException: Invalid login module control flag 'requiredusername' in JAAS config
	at org.apache.kafka.common.security.JaasConfig.loginModuleControlFlag(JaasConfig.java:102)
	at org.apache.kafka.common.security.JaasConfig.parseAppConfigurationEntry(JaasConfig.java:111)
	at org.apache.kafka.common.security.JaasConfig.<init>(JaasConfig.java:63)
	at org.apache.kafka.common.security.JaasContext.load(JaasContext.java:93)
	at org.apache.kafka.common.security.JaasContext.loadClientContext(JaasContext.java:87)
	at org.apache.kafka.common.network.ChannelBuilders.create(ChannelBuilders.java:167)
	at org.apache.kafka.common.network.ChannelBuilders.clientChannelBuilder(ChannelBuilders.java:81)
	at org.apache.kafka.clients.ClientUtils.createChannelBuilder(ClientUtils.java:117)
	at org.apache.kafka.clients.ClientUtils.createNetworkClient(ClientUtils.java:217)
	... 28 common frames omitted
